2025-06-26 14:57:21,551 - INFO - ResNet18 model loaded in 2592.59 ms
2025-06-26 14:57:24,743 - INFO - EfficientNet-B4 loaded in 3190.87 ms
2025-06-26 14:57:43,494 - INFO - Hugging Face AI classifiers loaded in 18745.76 ms
2025-07-01 11:22:44,358 - INFO - ResNet18 model loaded in 6701.4 ms
2025-07-01 11:22:47,570 - INFO - EfficientNet-B4 loaded in 3206.5 ms
2025-07-01 11:23:03,715 - INFO - Hugging Face AI classifiers loaded in 16143.37 ms
2025-07-01 12:19:22,040 - INFO - ResNet18 model loaded in 2936.05 ms
2025-07-01 12:19:25,321 - INFO - EfficientNet-B4 loaded in 3273.01 ms
2025-07-01 12:19:37,915 - INFO - Hugging Face AI classifiers loaded in 12585.61 ms
2025-07-14 14:27:33,933 - INFO - ResNet18 model loaded in 4813.49 ms
2025-07-14 14:27:39,357 - INFO - EfficientNet-B4 loaded in 5389.69 ms
2025-07-14 14:28:06,849 - INFO - Hugging Face AI classifiers loaded in 27493.72 ms
2025-07-23 19:56:06,701 - INFO - ResNet18 model loaded in 2234.07 ms
2025-07-23 19:56:09,395 - INFO - EfficientNet-B4 loaded in 2674.01 ms
2025-07-23 19:56:15,664 - INFO - Hugging Face AI classifiers loaded in 6249.32 ms
2025-07-23 22:38:50,934 - INFO - ResNet18 model loaded in 10892.13 ms
2025-07-23 22:38:57,567 - INFO - EfficientNet-B4 loaded in 6590.74 ms
2025-07-23 22:39:19,265 - INFO - Hugging Face AI classifiers loaded in 21688.3 ms
2025-07-24 11:02:26,212 - INFO - ResNet18 model loaded in 4259.1 ms
2025-07-24 11:02:30,533 - INFO - EfficientNet-B4 loaded in 4284.81 ms
2025-07-24 11:02:45,352 - INFO - Hugging Face AI classifiers loaded in 14819.17 ms
2025-07-24 11:49:18,279 - INFO - ResNet18 model loaded in 3046.09 ms
2025-07-24 11:49:21,633 - INFO - EfficientNet-B4 loaded in 3326.17 ms
2025-07-24 11:49:29,950 - INFO - Hugging Face AI classifiers loaded in 8311.54 ms
2025-07-24 12:11:51,375 - INFO - ResNet18 model loaded in 2161.16 ms
2025-07-24 12:11:53,982 - INFO - EfficientNet-B4 loaded in 2580.26 ms
2025-07-24 12:12:04,502 - INFO - Hugging Face AI classifiers loaded in 10510.18 ms
2025-09-16 10:12:26,007 - INFO - ResNet18 model loaded in 17722.93 ms
2025-09-16 10:12:26,007 - ERROR - Failed to load EfficientNet-B4 model
Traceback (most recent call last):
  File "C:\Users\Digital Forensic\Music\AI_Forensics\backend\evidencemodule\ai_models\helpers\model_loader.py", line 45, in load_efficientnet_model
    raise FileNotFoundError(f"Checkpoint not found: {model_path}")
FileNotFoundError: Checkpoint not found: C:\Users\Digital Forensic\Music\AI_Forensics\backend\evidencemodule\ai_models\helpers\..\checkpoints\efficientnet_b4_rwightman-7eb33cd5.pth
2025-09-16 10:12:26,112 - INFO - ResNet18 model loaded in 107.71 ms
2025-09-16 10:12:26,112 - ERROR - Failed to load EfficientNet-B4 model
Traceback (most recent call last):
  File "C:\Users\Digital Forensic\Music\AI_Forensics\backend\evidencemodule\ai_models\helpers\model_loader.py", line 45, in load_efficientnet_model
    raise FileNotFoundError(f"Checkpoint not found: {model_path}")
FileNotFoundError: Checkpoint not found: C:\Users\Digital Forensic\Music\AI_Forensics\backend\evidencemodule\ai_models\helpers\..\checkpoints\efficientnet_b4_rwightman-7eb33cd5.pth
2025-09-16 10:35:44,429 - INFO - ResNet18 model loaded in 99.48 ms
2025-09-16 10:35:44,429 - ERROR - Failed to load EfficientNet-B4 model
Traceback (most recent call last):
  File "C:\Users\Digital Forensic\Music\AI_Forensics\backend\evidencemodule\ai_models\helpers\model_loader.py", line 45, in load_efficientnet_model
    raise FileNotFoundError(f"Checkpoint not found: {model_path}")
FileNotFoundError: Checkpoint not found: C:\Users\Digital Forensic\Music\AI_Forensics\backend\evidencemodule\ai_models\helpers\..\checkpoints\efficientnet_b4_rwightman-7eb33cd5.pth
2025-09-16 10:35:44,537 - INFO - ResNet18 model loaded in 106.53 ms
2025-09-16 10:35:44,537 - ERROR - Failed to load EfficientNet-B4 model
Traceback (most recent call last):
  File "C:\Users\Digital Forensic\Music\AI_Forensics\backend\evidencemodule\ai_models\helpers\model_loader.py", line 45, in load_efficientnet_model
    raise FileNotFoundError(f"Checkpoint not found: {model_path}")
FileNotFoundError: Checkpoint not found: C:\Users\Digital Forensic\Music\AI_Forensics\backend\evidencemodule\ai_models\helpers\..\checkpoints\efficientnet_b4_rwightman-7eb33cd5.pth
2025-09-16 10:38:10,627 - INFO - ResNet18 model loaded in 99.46 ms
2025-09-16 10:38:10,627 - ERROR - Failed to load EfficientNet-B4 model
Traceback (most recent call last):
  File "C:\Users\Digital Forensic\Music\AI_Forensics\backend\evidencemodule\ai_models\helpers\model_loader.py", line 45, in load_efficientnet_model
    raise FileNotFoundError(f"Checkpoint not found: {model_path}")
FileNotFoundError: Checkpoint not found: C:\Users\Digital Forensic\Music\AI_Forensics\backend\evidencemodule\ai_models\helpers\..\checkpoints\efficientnet_b4_rwightman-7eb33cd5.pth
2025-09-16 10:38:10,737 - INFO - ResNet18 model loaded in 108.39 ms
2025-09-16 10:38:10,737 - ERROR - Failed to load EfficientNet-B4 model
Traceback (most recent call last):
  File "C:\Users\Digital Forensic\Music\AI_Forensics\backend\evidencemodule\ai_models\helpers\model_loader.py", line 45, in load_efficientnet_model
    raise FileNotFoundError(f"Checkpoint not found: {model_path}")
FileNotFoundError: Checkpoint not found: C:\Users\Digital Forensic\Music\AI_Forensics\backend\evidencemodule\ai_models\helpers\..\checkpoints\efficientnet_b4_rwightman-7eb33cd5.pth
2025-09-16 16:51:03,816 - INFO - ResNet18 model loaded in 122.75 ms
2025-09-16 16:51:04,022 - INFO - EfficientNet-B4 loaded in 202.5 ms
2025-09-16 16:55:46,021 - INFO - Hugging Face AI classifiers loaded in 281996.39 ms
2025-09-16 16:57:18,084 - INFO - ResNet18 model loaded in 107.5 ms
2025-09-16 16:57:18,286 - INFO - EfficientNet-B4 loaded in 197.01 ms
2025-09-16 16:57:20,361 - INFO - Hugging Face AI classifiers loaded in 2076.99 ms
2025-09-16 16:57:51,951 - INFO - ResNet18 model loaded in 112.06 ms
2025-09-16 16:57:52,153 - INFO - EfficientNet-B4 loaded in 201.79 ms
2025-09-16 16:57:54,076 - INFO - Hugging Face AI classifiers loaded in 1923.67 ms
2025-09-16 16:58:56,261 - INFO - ResNet18 model loaded in 97.67 ms
2025-09-16 16:58:56,444 - INFO - EfficientNet-B4 loaded in 188.37 ms
2025-09-16 16:58:58,501 - INFO - Hugging Face AI classifiers loaded in 2056.55 ms
2025-09-16 17:02:39,221 - INFO - ResNet18 model loaded in 106.86 ms
2025-09-16 17:02:39,421 - INFO - EfficientNet-B4 loaded in 202.54 ms
2025-09-16 17:02:41,504 - INFO - Hugging Face AI classifiers loaded in 2085.06 ms
2025-09-16 17:03:24,628 - INFO - ResNet18 model loaded in 99.19 ms
2025-09-16 17:03:24,821 - INFO - EfficientNet-B4 loaded in 192.91 ms
2025-09-16 17:03:26,805 - INFO - Hugging Face AI classifiers loaded in 1983.15 ms
2025-09-16 17:19:20,556 - INFO - ResNet18 model loaded in 103.29 ms
2025-09-16 17:19:20,770 - INFO - EfficientNet-B4 loaded in 213.92 ms
2025-09-16 17:19:23,222 - INFO - Hugging Face AI classifiers loaded in 2453.38 ms
2025-09-16 17:41:29,908 - INFO - ResNet18 model loaded in 99.64 ms
2025-09-16 17:41:30,101 - INFO - EfficientNet-B4 loaded in 192.58 ms
2025-09-16 17:41:32,258 - INFO - Hugging Face AI classifiers loaded in 2156.34 ms
2025-09-16 17:42:20,869 - INFO - ResNet18 model loaded in 102.37 ms
2025-09-16 17:42:21,067 - INFO - EfficientNet-B4 loaded in 197.91 ms
2025-09-16 17:42:22,994 - INFO - Hugging Face AI classifiers loaded in 1926.38 ms
2025-09-16 17:45:36,704 - INFO - ResNet18 model loaded in 105.29 ms
2025-09-16 17:45:36,912 - INFO - EfficientNet-B4 loaded in 207.18 ms
2025-09-16 17:45:39,050 - INFO - Hugging Face AI classifiers loaded in 2138.26 ms
2025-09-16 17:47:22,326 - INFO - ResNet18 model loaded in 100.98 ms
2025-09-16 17:47:22,526 - INFO - EfficientNet-B4 loaded in 198.06 ms
2025-09-16 17:47:24,925 - INFO - Hugging Face AI classifiers loaded in 2399.43 ms
2025-09-16 17:49:04,177 - INFO - ResNet18 model loaded in 102.44 ms
2025-09-16 17:49:04,380 - INFO - EfficientNet-B4 loaded in 202.57 ms
2025-09-16 17:49:06,445 - INFO - Hugging Face AI classifiers loaded in 2064.88 ms
2025-09-16 17:50:37,730 - INFO - ResNet18 model loaded in 100.53 ms
2025-09-16 17:50:37,927 - INFO - EfficientNet-B4 loaded in 197.87 ms
2025-09-16 17:50:40,022 - INFO - Hugging Face AI classifiers loaded in 2094.8 ms
